CRITICAL - 2022-06-11 00:33:29 --> Call to undefined method CodeIgniter\Database\MySQLi\Result::get()
#0 C:\xampp7\htdocs\sik\app\Controllers\DeputiController.php(28): App\Models\Deputi->getAll()
#1 C:\xampp7\htdocs\sik\vendor\codeigniter4\framework\system\CodeIgniter.php(832): App\Controllers\DeputiController->index()
#2 C:\xampp7\htdocs\sik\vendor\codeigniter4\framework\system\CodeIgniter.php(419): CodeIgniter\CodeIgniter->runController(Object(App\Controllers\DeputiController))
#3 C:\xampp7\htdocs\sik\vendor\codeigniter4\framework\system\CodeIgniter.php(326): CodeIgniter\CodeIgniter->handleRequest(NULL, Object(Config\Cache), false)
#4 C:\xampp7\htdocs\sik\index.php(37): CodeIgniter\CodeIgniter->run()
#5 {main}
CRITICAL - 2022-06-11 00:33:53 --> Undefined index: id_deputi
#0 C:\xampp7\htdocs\sik\app\Views\deputi\index.php(83): CodeIgniter\Debug\Exceptions->errorHandler(8, 'Undefined index...', 'C:\\xampp7\\htdoc...', 83, Array)
#1 C:\xampp7\htdocs\sik\vendor\codeigniter4\framework\system\View\View.php(210): include('C:\\xampp7\\htdoc...')
#2 C:\xampp7\htdocs\sik\vendor\codeigniter4\framework\system\View\View.php(213): CodeIgniter\View\View->CodeIgniter\View\{closure}()
#3 C:\xampp7\htdocs\sik\vendor\codeigniter4\framework\system\Common.php(1089): CodeIgniter\View\View->render('deputi/index', Array, true)
#4 C:\xampp7\htdocs\sik\app\Controllers\DeputiController.php(30): view('deputi/index', Array)
#5 C:\xampp7\htdocs\sik\vendor\codeigniter4\framework\system\CodeIgniter.php(832): App\Controllers\DeputiController->index()
#6 C:\xampp7\htdocs\sik\vendor\codeigniter4\framework\system\CodeIgniter.php(419): CodeIgniter\CodeIgniter->runController(Object(App\Controllers\DeputiController))
#7 C:\xampp7\htdocs\sik\vendor\codeigniter4\framework\system\CodeIgniter.php(326): CodeIgniter\CodeIgniter->handleRequest(NULL, Object(Config\Cache), false)
#8 C:\xampp7\htdocs\sik\index.php(37): CodeIgniter\CodeIgniter->run()
#9 {main}
CRITICAL - 2022-06-11 00:34:47 --> Undefined index: extention
#0 C:\xampp7\htdocs\sik\app\Views\deputi\index.php(85): CodeIgniter\Debug\Exceptions->errorHandler(8, 'Undefined index...', 'C:\\xampp7\\htdoc...', 85, Array)
#1 C:\xampp7\htdocs\sik\vendor\codeigniter4\framework\system\View\View.php(210): include('C:\\xampp7\\htdoc...')
#2 C:\xampp7\htdocs\sik\vendor\codeigniter4\framework\system\View\View.php(213): CodeIgniter\View\View->CodeIgniter\View\{closure}()
#3 C:\xampp7\htdocs\sik\vendor\codeigniter4\framework\system\Common.php(1089): CodeIgniter\View\View->render('deputi/index', Array, true)
#4 C:\xampp7\htdocs\sik\app\Controllers\DeputiController.php(30): view('deputi/index', Array)
#5 C:\xampp7\htdocs\sik\vendor\codeigniter4\framework\system\CodeIgniter.php(832): App\Controllers\DeputiController->index()
#6 C:\xampp7\htdocs\sik\vendor\codeigniter4\framework\system\CodeIgniter.php(419): CodeIgniter\CodeIgniter->runController(Object(App\Controllers\DeputiController))
#7 C:\xampp7\htdocs\sik\vendor\codeigniter4\framework\system\CodeIgniter.php(326): CodeIgniter\CodeIgniter->handleRequest(NULL, Object(Config\Cache), false)
#8 C:\xampp7\htdocs\sik\index.php(37): CodeIgniter\CodeIgniter->run()
#9 {main}
CRITICAL - 2022-06-11 01:24:37 --> Illegal string offset 'id_deputi'
#0 C:\xampp7\htdocs\sik\app\Views\deputi\index.php(129): CodeIgniter\Debug\Exceptions->errorHandler(2, 'Illegal string ...', 'C:\\xampp7\\htdoc...', 129, Array)
#1 C:\xampp7\htdocs\sik\vendor\codeigniter4\framework\system\View\View.php(210): include('C:\\xampp7\\htdoc...')
#2 C:\xampp7\htdocs\sik\vendor\codeigniter4\framework\system\View\View.php(213): CodeIgniter\View\View->CodeIgniter\View\{closure}()
#3 C:\xampp7\htdocs\sik\vendor\codeigniter4\framework\system\Common.php(1089): CodeIgniter\View\View->render('deputi/index', Array, true)
#4 C:\xampp7\htdocs\sik\app\Controllers\DeputiController.php(30): view('deputi/index', Array)
#5 C:\xampp7\htdocs\sik\vendor\codeigniter4\framework\system\CodeIgniter.php(832): App\Controllers\DeputiController->index()
#6 C:\xampp7\htdocs\sik\vendor\codeigniter4\framework\system\CodeIgniter.php(419): CodeIgniter\CodeIgniter->runController(Object(App\Controllers\DeputiController))
#7 C:\xampp7\htdocs\sik\vendor\codeigniter4\framework\system\CodeIgniter.php(326): CodeIgniter\CodeIgniter->handleRequest(NULL, Object(Config\Cache), false)
#8 C:\xampp7\htdocs\sik\index.php(37): CodeIgniter\CodeIgniter->run()
#9 {main}
CRITICAL - 2022-06-11 01:58:53 --> Call to undefined method CodeIgniter\Database\MySQLi\Result::result()
#0 C:\xampp7\htdocs\sik\app\Controllers\DeputiController.php(28): App\Models\Deputi->getAll()
#1 C:\xampp7\htdocs\sik\vendor\codeigniter4\framework\system\CodeIgniter.php(832): App\Controllers\DeputiController->index()
#2 C:\xampp7\htdocs\sik\vendor\codeigniter4\framework\system\CodeIgniter.php(419): CodeIgniter\CodeIgniter->runController(Object(App\Controllers\DeputiController))
#3 C:\xampp7\htdocs\sik\vendor\codeigniter4\framework\system\CodeIgniter.php(326): CodeIgniter\CodeIgniter->handleRequest(NULL, Object(Config\Cache), false)
#4 C:\xampp7\htdocs\sik\index.php(37): CodeIgniter\CodeIgniter->run()
#5 {main}
CRITICAL - 2022-06-11 01:59:00 --> Call to undefined method CodeIgniter\Database\MySQLi\Builder::result()
#0 C:\xampp7\htdocs\sik\app\Controllers\DeputiController.php(28): App\Models\Deputi->getAll()
#1 C:\xampp7\htdocs\sik\vendor\codeigniter4\framework\system\CodeIgniter.php(832): App\Controllers\DeputiController->index()
#2 C:\xampp7\htdocs\sik\vendor\codeigniter4\framework\system\CodeIgniter.php(419): CodeIgniter\CodeIgniter->runController(Object(App\Controllers\DeputiController))
#3 C:\xampp7\htdocs\sik\vendor\codeigniter4\framework\system\CodeIgniter.php(326): CodeIgniter\CodeIgniter->handleRequest(NULL, Object(Config\Cache), false)
#4 C:\xampp7\htdocs\sik\index.php(37): CodeIgniter\CodeIgniter->run()
#5 {main}
CRITICAL - 2022-06-11 01:59:51 --> Call to undefined method CodeIgniter\Database\MySQLi\Result::result()
#0 C:\xampp7\htdocs\sik\app\Controllers\DeputiController.php(28): App\Models\Deputi->getAll()
#1 C:\xampp7\htdocs\sik\vendor\codeigniter4\framework\system\CodeIgniter.php(832): App\Controllers\DeputiController->index()
#2 C:\xampp7\htdocs\sik\vendor\codeigniter4\framework\system\CodeIgniter.php(419): CodeIgniter\CodeIgniter->runController(Object(App\Controllers\DeputiController))
#3 C:\xampp7\htdocs\sik\vendor\codeigniter4\framework\system\CodeIgniter.php(326): CodeIgniter\CodeIgniter->handleRequest(NULL, Object(Config\Cache), false)
#4 C:\xampp7\htdocs\sik\index.php(37): CodeIgniter\CodeIgniter->run()
#5 {main}
CRITICAL - 2022-06-11 02:13:01 --> syntax error, unexpected '$dua' (T_VARIABLE)
#0 C:\xampp7\htdocs\sik\vendor\codeigniter4\framework\system\Autoloader\Autoloader.php(241): CodeIgniter\Autoloader\Autoloader->includeFile('C:\\xampp7\\htdoc...')
#1 C:\xampp7\htdocs\sik\vendor\codeigniter4\framework\system\Autoloader\Autoloader.php(219): CodeIgniter\Autoloader\Autoloader->loadInNamespace('App\\Models\\Depu...')
#2 [internal function]: CodeIgniter\Autoloader\Autoloader->loadClass('App\\Models\\Depu...')
#3 C:\xampp7\htdocs\sik\app\Controllers\DeputiController.php(27): spl_autoload_call('App\\Models\\Depu...')
#4 C:\xampp7\htdocs\sik\vendor\codeigniter4\framework\system\CodeIgniter.php(832): App\Controllers\DeputiController->index()
#5 C:\xampp7\htdocs\sik\vendor\codeigniter4\framework\system\CodeIgniter.php(419): CodeIgniter\CodeIgniter->runController(Object(App\Controllers\DeputiController))
#6 C:\xampp7\htdocs\sik\vendor\codeigniter4\framework\system\CodeIgniter.php(326): CodeIgniter\CodeIgniter->handleRequest(NULL, Object(Config\Cache), false)
#7 C:\xampp7\htdocs\sik\index.php(37): CodeIgniter\CodeIgniter->run()
#8 {main}
CRITICAL - 2022-06-11 02:13:27 --> syntax error, unexpected '$text' (T_VARIABLE)
#0 C:\xampp7\htdocs\sik\vendor\codeigniter4\framework\system\Autoloader\Autoloader.php(241): CodeIgniter\Autoloader\Autoloader->includeFile('C:\\xampp7\\htdoc...')
#1 C:\xampp7\htdocs\sik\vendor\codeigniter4\framework\system\Autoloader\Autoloader.php(219): CodeIgniter\Autoloader\Autoloader->loadInNamespace('App\\Models\\Depu...')
#2 [internal function]: CodeIgniter\Autoloader\Autoloader->loadClass('App\\Models\\Depu...')
#3 C:\xampp7\htdocs\sik\app\Controllers\DeputiController.php(27): spl_autoload_call('App\\Models\\Depu...')
#4 C:\xampp7\htdocs\sik\vendor\codeigniter4\framework\system\CodeIgniter.php(832): App\Controllers\DeputiController->index()
#5 C:\xampp7\htdocs\sik\vendor\codeigniter4\framework\system\CodeIgniter.php(419): CodeIgniter\CodeIgniter->runController(Object(App\Controllers\DeputiController))
#6 C:\xampp7\htdocs\sik\vendor\codeigniter4\framework\system\CodeIgniter.php(326): CodeIgniter\CodeIgniter->handleRequest(NULL, Object(Config\Cache), false)
#7 C:\xampp7\htdocs\sik\index.php(37): CodeIgniter\CodeIgniter->run()
#8 {main}
CRITICAL - 2022-06-11 02:13:39 --> Cannot use object of type stdClass as array
#0 C:\xampp7\htdocs\sik\app\Controllers\DeputiController.php(29): App\Models\Deputi->getAllText()
#1 C:\xampp7\htdocs\sik\vendor\codeigniter4\framework\system\CodeIgniter.php(832): App\Controllers\DeputiController->index()
#2 C:\xampp7\htdocs\sik\vendor\codeigniter4\framework\system\CodeIgniter.php(419): CodeIgniter\CodeIgniter->runController(Object(App\Controllers\DeputiController))
#3 C:\xampp7\htdocs\sik\vendor\codeigniter4\framework\system\CodeIgniter.php(326): CodeIgniter\CodeIgniter->handleRequest(NULL, Object(Config\Cache), false)
#4 C:\xampp7\htdocs\sik\index.php(37): CodeIgniter\CodeIgniter->run()
#5 {main}
CRITICAL - 2022-06-11 02:13:41 --> Cannot use object of type stdClass as array
#0 C:\xampp7\htdocs\sik\app\Controllers\DeputiController.php(29): App\Models\Deputi->getAllText()
#1 C:\xampp7\htdocs\sik\vendor\codeigniter4\framework\system\CodeIgniter.php(832): App\Controllers\DeputiController->index()
#2 C:\xampp7\htdocs\sik\vendor\codeigniter4\framework\system\CodeIgniter.php(419): CodeIgniter\CodeIgniter->runController(Object(App\Controllers\DeputiController))
#3 C:\xampp7\htdocs\sik\vendor\codeigniter4\framework\system\CodeIgniter.php(326): CodeIgniter\CodeIgniter->handleRequest(NULL, Object(Config\Cache), false)
#4 C:\xampp7\htdocs\sik\index.php(37): CodeIgniter\CodeIgniter->run()
#5 {main}
CRITICAL - 2022-06-11 02:14:11 --> Undefined variable: deputi
#0 C:\xampp7\htdocs\sik\app\Models\Deputi.php(53): CodeIgniter\Debug\Exceptions->errorHandler(8, 'Undefined varia...', 'C:\\xampp7\\htdoc...', 53, Array)
#1 C:\xampp7\htdocs\sik\app\Controllers\DeputiController.php(29): App\Models\Deputi->getAllText()
#2 C:\xampp7\htdocs\sik\vendor\codeigniter4\framework\system\CodeIgniter.php(832): App\Controllers\DeputiController->index()
#3 C:\xampp7\htdocs\sik\vendor\codeigniter4\framework\system\CodeIgniter.php(419): CodeIgniter\CodeIgniter->runController(Object(App\Controllers\DeputiController))
#4 C:\xampp7\htdocs\sik\vendor\codeigniter4\framework\system\CodeIgniter.php(326): CodeIgniter\CodeIgniter->handleRequest(NULL, Object(Config\Cache), false)
#5 C:\xampp7\htdocs\sik\index.php(37): CodeIgniter\CodeIgniter->run()
#6 {main}
CRITICAL - 2022-06-11 02:14:25 --> Undefined variable: deputi
#0 C:\xampp7\htdocs\sik\app\Models\Deputi.php(53): CodeIgniter\Debug\Exceptions->errorHandler(8, 'Undefined varia...', 'C:\\xampp7\\htdoc...', 53, Array)
#1 C:\xampp7\htdocs\sik\app\Controllers\DeputiController.php(29): App\Models\Deputi->getAllText()
#2 C:\xampp7\htdocs\sik\vendor\codeigniter4\framework\system\CodeIgniter.php(832): App\Controllers\DeputiController->index()
#3 C:\xampp7\htdocs\sik\vendor\codeigniter4\framework\system\CodeIgniter.php(419): CodeIgniter\CodeIgniter->runController(Object(App\Controllers\DeputiController))
#4 C:\xampp7\htdocs\sik\vendor\codeigniter4\framework\system\CodeIgniter.php(326): CodeIgniter\CodeIgniter->handleRequest(NULL, Object(Config\Cache), false)
#5 C:\xampp7\htdocs\sik\index.php(37): CodeIgniter\CodeIgniter->run()
#6 {main}
CRITICAL - 2022-06-11 02:14:34 --> Undefined variable: deputi
#0 C:\xampp7\htdocs\sik\app\Models\Deputi.php(53): CodeIgniter\Debug\Exceptions->errorHandler(8, 'Undefined varia...', 'C:\\xampp7\\htdoc...', 53, Array)
#1 C:\xampp7\htdocs\sik\app\Controllers\DeputiController.php(29): App\Models\Deputi->getAllText()
#2 C:\xampp7\htdocs\sik\vendor\codeigniter4\framework\system\CodeIgniter.php(832): App\Controllers\DeputiController->index()
#3 C:\xampp7\htdocs\sik\vendor\codeigniter4\framework\system\CodeIgniter.php(419): CodeIgniter\CodeIgniter->runController(Object(App\Controllers\DeputiController))
#4 C:\xampp7\htdocs\sik\vendor\codeigniter4\framework\system\CodeIgniter.php(326): CodeIgniter\CodeIgniter->handleRequest(NULL, Object(Config\Cache), false)
#5 C:\xampp7\htdocs\sik\index.php(37): CodeIgniter\CodeIgniter->run()
#6 {main}
CRITICAL - 2022-06-11 02:18:40 --> Call to a member function getNumRows() on array
#0 C:\xampp7\htdocs\sik\app\Controllers\DeputiController.php(29): App\Models\Deputi->getAllText()
#1 C:\xampp7\htdocs\sik\vendor\codeigniter4\framework\system\CodeIgniter.php(832): App\Controllers\DeputiController->index()
#2 C:\xampp7\htdocs\sik\vendor\codeigniter4\framework\system\CodeIgniter.php(419): CodeIgniter\CodeIgniter->runController(Object(App\Controllers\DeputiController))
#3 C:\xampp7\htdocs\sik\vendor\codeigniter4\framework\system\CodeIgniter.php(326): CodeIgniter\CodeIgniter->handleRequest(NULL, Object(Config\Cache), false)
#4 C:\xampp7\htdocs\sik\index.php(37): CodeIgniter\CodeIgniter->run()
#5 {main}
CRITICAL - 2022-06-11 02:18:53 --> Call to undefined method CodeIgniter\Database\MySQLi\Builder::getNumRows()
#0 C:\xampp7\htdocs\sik\app\Controllers\DeputiController.php(29): App\Models\Deputi->getAllText()
#1 C:\xampp7\htdocs\sik\vendor\codeigniter4\framework\system\CodeIgniter.php(832): App\Controllers\DeputiController->index()
#2 C:\xampp7\htdocs\sik\vendor\codeigniter4\framework\system\CodeIgniter.php(419): CodeIgniter\CodeIgniter->runController(Object(App\Controllers\DeputiController))
#3 C:\xampp7\htdocs\sik\vendor\codeigniter4\framework\system\CodeIgniter.php(326): CodeIgniter\CodeIgniter->handleRequest(NULL, Object(Config\Cache), false)
#4 C:\xampp7\htdocs\sik\index.php(37): CodeIgniter\CodeIgniter->run()
#5 {main}
CRITICAL - 2022-06-11 02:31:26 --> Call to undefined function App\Models\getTree()
#0 C:\xampp7\htdocs\sik\app\Controllers\DeputiController.php(29): App\Models\Deputi->getAllText()
#1 C:\xampp7\htdocs\sik\vendor\codeigniter4\framework\system\CodeIgniter.php(832): App\Controllers\DeputiController->index()
#2 C:\xampp7\htdocs\sik\vendor\codeigniter4\framework\system\CodeIgniter.php(419): CodeIgniter\CodeIgniter->runController(Object(App\Controllers\DeputiController))
#3 C:\xampp7\htdocs\sik\vendor\codeigniter4\framework\system\CodeIgniter.php(326): CodeIgniter\CodeIgniter->handleRequest(NULL, Object(Config\Cache), false)
#4 C:\xampp7\htdocs\sik\index.php(37): CodeIgniter\CodeIgniter->run()
#5 {main}
CRITICAL - 2022-06-11 02:31:41 --> Cannot use object of type mysqli as array
#0 C:\xampp7\htdocs\sik\app\Models\Deputi.php(60): App\Models\Deputi->getTree(Object(mysqli), 1)
#1 C:\xampp7\htdocs\sik\app\Controllers\DeputiController.php(29): App\Models\Deputi->getAllText()
#2 C:\xampp7\htdocs\sik\vendor\codeigniter4\framework\system\CodeIgniter.php(832): App\Controllers\DeputiController->index()
#3 C:\xampp7\htdocs\sik\vendor\codeigniter4\framework\system\CodeIgniter.php(419): CodeIgniter\CodeIgniter->runController(Object(App\Controllers\DeputiController))
#4 C:\xampp7\htdocs\sik\vendor\codeigniter4\framework\system\CodeIgniter.php(326): CodeIgniter\CodeIgniter->handleRequest(NULL, Object(Config\Cache), false)
#5 C:\xampp7\htdocs\sik\index.php(37): CodeIgniter\CodeIgniter->run()
#6 {main}
CRITICAL - 2022-06-11 03:08:57 --> Undefined variable: dua
#0 C:\xampp7\htdocs\sik\app\Models\Deputi.php(77): CodeIgniter\Debug\Exceptions->errorHandler(8, 'Undefined varia...', 'C:\\xampp7\\htdoc...', 77, Array)
#1 C:\xampp7\htdocs\sik\app\Models\Deputi.php(61): App\Models\Deputi->getTree(Array, 2)
#2 C:\xampp7\htdocs\sik\app\Controllers\DeputiController.php(29): App\Models\Deputi->getAllText()
#3 C:\xampp7\htdocs\sik\vendor\codeigniter4\framework\system\CodeIgniter.php(832): App\Controllers\DeputiController->index()
#4 C:\xampp7\htdocs\sik\vendor\codeigniter4\framework\system\CodeIgniter.php(419): CodeIgniter\CodeIgniter->runController(Object(App\Controllers\DeputiController))
#5 C:\xampp7\htdocs\sik\vendor\codeigniter4\framework\system\CodeIgniter.php(326): CodeIgniter\CodeIgniter->handleRequest(NULL, Object(Config\Cache), false)
#6 C:\xampp7\htdocs\sik\index.php(37): CodeIgniter\CodeIgniter->run()
#7 {main}
CRITICAL - 2022-06-11 05:28:01 --> Illegal string offset 'id_deputi'
#0 C:\xampp7\htdocs\sik\app\Views\deputi\index.php(173): CodeIgniter\Debug\Exceptions->errorHandler(2, 'Illegal string ...', 'C:\\xampp7\\htdoc...', 173, Array)
#1 C:\xampp7\htdocs\sik\vendor\codeigniter4\framework\system\View\View.php(210): include('C:\\xampp7\\htdoc...')
#2 C:\xampp7\htdocs\sik\vendor\codeigniter4\framework\system\View\View.php(213): CodeIgniter\View\View->CodeIgniter\View\{closure}()
#3 C:\xampp7\htdocs\sik\vendor\codeigniter4\framework\system\Common.php(1089): CodeIgniter\View\View->render('deputi/index', Array, true)
#4 C:\xampp7\htdocs\sik\app\Controllers\DeputiController.php(31): view('deputi/index', Array)
#5 C:\xampp7\htdocs\sik\vendor\codeigniter4\framework\system\CodeIgniter.php(832): App\Controllers\DeputiController->index()
#6 C:\xampp7\htdocs\sik\vendor\codeigniter4\framework\system\CodeIgniter.php(419): CodeIgniter\CodeIgniter->runController(Object(App\Controllers\DeputiController))
#7 C:\xampp7\htdocs\sik\vendor\codeigniter4\framework\system\CodeIgniter.php(326): CodeIgniter\CodeIgniter->handleRequest(NULL, Object(Config\Cache), false)
#8 C:\xampp7\htdocs\sik\index.php(37): CodeIgniter\CodeIgniter->run()
#9 {main}
CRITICAL - 2022-06-11 06:17:51 --> Call to undefined method CodeIgniter\Database\MySQLi\Builder::andLike()
#0 C:\xampp7\htdocs\sik\app\Controllers\Home.php(70): App\Models\UserDatatable->__construct(Object(CodeIgniter\HTTP\IncomingRequest))
#1 C:\xampp7\htdocs\sik\vendor\codeigniter4\framework\system\CodeIgniter.php(832): App\Controllers\Home->ajaxList()
#2 C:\xampp7\htdocs\sik\vendor\codeigniter4\framework\system\CodeIgniter.php(419): CodeIgniter\CodeIgniter->runController(Object(App\Controllers\Home))
#3 C:\xampp7\htdocs\sik\vendor\codeigniter4\framework\system\CodeIgniter.php(326): CodeIgniter\CodeIgniter->handleRequest(NULL, Object(Config\Cache), false)
#4 C:\xampp7\htdocs\sik\index.php(37): CodeIgniter\CodeIgniter->run()
#5 {main}
CRITICAL - 2022-06-11 06:17:57 --> Call to undefined method CodeIgniter\Database\MySQLi\Builder::andLike()
#0 C:\xampp7\htdocs\sik\app\Controllers\Home.php(70): App\Models\UserDatatable->__construct(Object(CodeIgniter\HTTP\IncomingRequest))
#1 C:\xampp7\htdocs\sik\vendor\codeigniter4\framework\system\CodeIgniter.php(832): App\Controllers\Home->ajaxList()
#2 C:\xampp7\htdocs\sik\vendor\codeigniter4\framework\system\CodeIgniter.php(419): CodeIgniter\CodeIgniter->runController(Object(App\Controllers\Home))
#3 C:\xampp7\htdocs\sik\vendor\codeigniter4\framework\system\CodeIgniter.php(326): CodeIgniter\CodeIgniter->handleRequest(NULL, Object(Config\Cache), false)
#4 C:\xampp7\htdocs\sik\index.php(37): CodeIgniter\CodeIgniter->run()
#5 {main}
CRITICAL - 2022-06-11 06:18:07 --> Call to undefined method CodeIgniter\Database\MySQLi\Builder::andLike()
#0 C:\xampp7\htdocs\sik\app\Controllers\Home.php(70): App\Models\UserDatatable->__construct(Object(CodeIgniter\HTTP\IncomingRequest))
#1 C:\xampp7\htdocs\sik\vendor\codeigniter4\framework\system\CodeIgniter.php(832): App\Controllers\Home->ajaxList()
#2 C:\xampp7\htdocs\sik\vendor\codeigniter4\framework\system\CodeIgniter.php(419): CodeIgniter\CodeIgniter->runController(Object(App\Controllers\Home))
#3 C:\xampp7\htdocs\sik\vendor\codeigniter4\framework\system\CodeIgniter.php(326): CodeIgniter\CodeIgniter->handleRequest(NULL, Object(Config\Cache), false)
#4 C:\xampp7\htdocs\sik\index.php(37): CodeIgniter\CodeIgniter->run()
#5 {main}
